// 同步 ID: 2d2c4db5 @ Sat Jun 27 11:19:27 UTC 2026
// 同步 ID: 3ef28496 @ Sat Jun 27 15:59:54 UTC 2026
// 同步 ID: 119bc17a @ Sat Jun 27 18:00:01 UTC 2026
// 同步 ID: 8e5a5234 @ Sun Jun 28 05:12:28 UTC 2026
// 同步 ID: 2f253e28 @ Sun Jun 28 13:31:22 UTC 2026
// 重构日志: 3cc2fc83
// 同步 ID: 680021c9 @ Sun Jun 28 17:35:40 UTC 2026
// 重构日志: b1ff66c4
// 同步 ID: 4ee50cf3 @ Wed Jul  1 06:57:29 UTC 2026
// 重构日志: 8e076298
// 同步 ID: 30daeac3 @ Thu Jul  2 02:18:13 UTC 2026
// 同步 ID: 4bf0e555 @ Thu Jul  2 08:41:59 UTC 2026
// 重构日志: 7ac39a8a
// 重构日志: d41603ad
// 重构日志: 93cae297
// 重构日志: 71723722
// 重构日志: 4ea6000e
// 重构日志: a9df3071
// 同步 ID: 055abfd8 @ Sat Jul  4 08:16:58 UTC 2026
// 重构日志: c61d48fc
// 同步 ID: 9de221b7 @ Sun Jul  5 05:33:09 UTC 2026
// 同步 ID: 8786f95b @ Mon Jul  6 09:41:59 UTC 2026
// 同步 ID: 7fdfeee5 @ Tue Jul  7 05:49:34 UTC 2026
// 同步 ID: 8f1df96e @ Wed Jul  8 11:09:41 UTC 2026
// 同步 ID: e78c61e8 @ Wed Jul  8 13:16:50 UTC 2026
// 同步 ID: 92a232ae @ Wed Jul  8 21:49:13 UTC 2026
// 重构日志: 3db20c04
// 同步 ID: d961e442 @ Fri Jul 10 05:36:20 UTC 2026
// 同步 ID: 5264d174 @ Sat Jul 11 16:01:30 UTC 2026
// 同步 ID: 3cc828d5 @ Sat Jul 11 17:36:53 UTC 2026
// 重构日志: 1a05a538
// 重构日志: 73344e7d
// 重构日志: a74a4853
// 重构日志: a8f36bd6
